---------- Date: 2017-01-23 00:33:04 ~ IP : 80.214.125.10 ----------
REQUEST URI : /admin/index.php?route=sale/customer/history&token=4d93b49124012c573d0308c6df55da45&customer_id=75
MOD DETAILS:
   modFile   : /srv/www/thinkwinetrade.com/vqmod/xml/admin_buttons.xml
   id        : Admin shortcut buttons
   version   : 2.0
   vqmver    : 2.5.1
   author    : ----

File Name    : admin/view/template/sale/*.tpl(0)
VQModObject::applyMod - SEARCH NOT FOUND (ABORTING MOD): <li><a href="<?php echo $breadcrumb['href']; ?>"><?php echo $breadcrumb['text']; ?></a></li>

----------------------------------------------------------------------


---------- Date: 2017-01-23 00:33:04 ~ IP : 80.214.125.10 ----------
REQUEST URI : /admin/index.php?route=sale/customer/transaction&token=4d93b49124012c573d0308c6df55da45&customer_id=75
MOD DETAILS:
   modFile   : /srv/www/thinkwinetrade.com/vqmod/xml/admin_buttons.xml
   id        : Admin shortcut buttons
   version   : 2.0
   vqmver    : 2.5.1
   author    : ----

File Name    : admin/view/template/sale/*.tpl(0)
VQModObject::applyMod - SEARCH NOT FOUND (ABORTING MOD): <li><a href="<?php echo $breadcrumb['href']; ?>"><?php echo $breadcrumb['text']; ?></a></li>

----------------------------------------------------------------------


---------- Date: 2017-01-23 00:33:04 ~ IP : 80.214.125.10 ----------
REQUEST URI : /admin/index.php?route=sale/customer/reward&token=4d93b49124012c573d0308c6df55da45&customer_id=75
MOD DETAILS:
   modFile   : /srv/www/thinkwinetrade.com/vqmod/xml/admin_buttons.xml
   id        : Admin shortcut buttons
   version   : 2.0
   vqmver    : 2.5.1
   author    : ----

File Name    : admin/view/template/sale/*.tpl(0)
VQModObject::applyMod - SEARCH NOT FOUND (ABORTING MOD): <li><a href="<?php echo $breadcrumb['href']; ?>"><?php echo $breadcrumb['text']; ?></a></li>

----------------------------------------------------------------------


---------- Date: 2017-01-23 00:33:04 ~ IP : 80.214.125.10 ----------
REQUEST URI : /admin/index.php?route=sale/customer/ip&token=4d93b49124012c573d0308c6df55da45&customer_id=75
MOD DETAILS:
   modFile   : /srv/www/thinkwinetrade.com/vqmod/xml/admin_buttons.xml
   id        : Admin shortcut buttons
   version   : 2.0
   vqmver    : 2.5.1
   author    : ----

File Name    : admin/view/template/sale/*.tpl(0)
VQModObject::applyMod - SEARCH NOT FOUND (ABORTING MOD): <li><a href="<?php echo $breadcrumb['href']; ?>"><?php echo $breadcrumb['text']; ?></a></li>

----------------------------------------------------------------------


